warning: fields `key_id`, `plan`, and `scopes` are never read
  --> src\auth\mod.rs:19:9
   |
17 | pub struct TenantContext {
   |            ------------- fields in this struct
18 |     pub tenant_id: Uuid,
19 |     pub key_id: Uuid,
   |         ^^^^^^
20 |     pub plan: String,
   |         ^^^^
21 |     pub scopes: Vec<String>,
   |         ^^^^^^
   |
   = note: `TenantContext` has derived impls for the traits `Clone` and `Debug`, but these are intentionally ignored during dead code analysis
   = note: `#[warn(dead_code)]` (part of `#[warn(unused)]`) on by default

warning: fields `redis_url` and `rate_limit_pro` are never read
  --> src\config.rs:9:9
   |
 5 | pub struct Config {
   |            ------ fields in this struct
...
 9 |     pub redis_url: String,
   |         ^^^^^^^^^
...
16 |     pub rate_limit_pro: u32,
   |         ^^^^^^^^^^^^^^
   |
   = note: `Config` has derived impls for the traits `Clone` and `Debug`, but these are intentionally ignored during dead code analysis

warning: fields `id` and `tenant_id` are never read
  --> src\db\memories.rs:11:9
   |
10 | pub struct MemoryRow {
   |            --------- fields in this struct
11 |     pub id: Uuid,
   |         ^^
12 |     pub external_id: String,
13 |     pub tenant_id: Uuid,
   |         ^^^^^^^^^
   |
   = note: `MemoryRow` has a derived impl for the trait `Debug`, but this is intentionally ignored during dead code analysis

warning: function `get_memory_by_external_id` is never used
   --> src\db\memories.rs:123:14
    |
123 | pub async fn get_memory_by_external_id(
    |              ^^^^^^^^^^^^^^^^^^^^^^^^^

warning: constant `MAX_BATCH_SIZE` is never used
  --> src\embed.rs:10:7
   |
10 | const MAX_BATCH_SIZE: usize = 2048;
   |       ^^^^^^^^^^^^^^

warning: fields `client`, `api_key`, and `base_url` are never read
  --> src\embed.rs:14:5
   |
13 | pub struct EmbeddingService {
   |            ---------------- fields in this struct
14 |     client: Client,
   |     ^^^^^^
15 |     api_key: String,
   |     ^^^^^^^
...
18 |     base_url: String,
   |     ^^^^^^^^
   |
   = note: `EmbeddingService` has a derived impl for the trait `Clone`, but this is intentionally ignored during dead code analysis

warning: struct `EmbeddingRequest` is never constructed
  --> src\embed.rs:22:8
   |
22 | struct EmbeddingRequest<'a> {
   |        ^^^^^^^^^^^^^^^^

warning: struct `EmbeddingResponse` is never constructed
  --> src\embed.rs:29:8
   |
29 | struct EmbeddingResponse {
   |        ^^^^^^^^^^^^^^^^^

warning: struct `EmbeddingData` is never constructed
  --> src\embed.rs:35:8
   |
35 | struct EmbeddingData {
   |        ^^^^^^^^^^^^^

warning: struct `EmbeddingUsage` is never constructed
  --> src\embed.rs:41:8
   |
41 | struct EmbeddingUsage {
   |        ^^^^^^^^^^^^^^

warning: struct `ApiError` is never constructed
  --> src\embed.rs:47:8
   |
47 | struct ApiError {
   |        ^^^^^^^^

warning: struct `ApiErrorDetail` is never constructed
  --> src\embed.rs:52:8
   |
52 | struct ApiErrorDetail {
   |        ^^^^^^^^^^^^^^

warning: methods `with_base_url`, `embed`, and `embed_batch` are never used
  --> src\embed.rs:72:12
   |
58 | impl EmbeddingService {
   | --------------------- methods in this implementation
...
72 |     pub fn with_base_url(mut self, url: &str) -> Self {
   |            ^^^^^^^^^^^^^
...
88 |     pub async fn embed(&self, text: &str) -> Result<Vec<f32>, anyhow::Error> {
   |                  ^^^^^
...
98 |     pub async fn embed_batch(&self, texts: &[&str]) -> Result<Vec<Vec<f32>>, anyhow::Error> {
   |                  ^^^^^^^^^^^

warning: variants `Unauthorized`, `Forbidden`, and `RateLimited` are never constructed
  --> src\error.rs:13:5
   |
 8 | pub enum AppError {
   |          -------- variants in this enum
...
13 |     Unauthorized,
   |     ^^^^^^^^^^^^
...
16 |     Forbidden(String),
   |     ^^^^^^^^^
...
22 |     RateLimited { retry_after: u64 },
   |     ^^^^^^^^^^^
   |
   = note: `AppError` has a derived impl for the trait `Debug`, but this is intentionally ignored during dead code analysis

warning: method `into_response_with_request_id` is never used
  --> src\error.rs:33:12
   |
31 | impl AppError {
   | ------------- method in this implementation
32 |     /// Attach a request ID to the error response.
33 |     pub fn into_response_with_request_id(self, request_id: Uuid) -> Response {
   |            ^^^^^^^^^^^^^^^^^^^^^^^^^^^^^

warning: fields `tags` and `threshold` are never read
  --> src\models\memory.rs:46:9
   |
42 | pub struct RecallQuery {
   |            ----------- fields in this struct
...
46 |     pub tags: Option<String>,
   |         ^^^^
...
50 |     pub threshold: f32,
   |         ^^^^^^^^^
   |
   = note: `RecallQuery` has a derived impl for the trait `Debug`, but this is intentionally ignored during dead code analysis

warning: field `tags` is never read
  --> src\models\memory.rs:86:9
   |
83 | pub struct ListMemoriesQuery {
   |            ----------------- field in this struct
...
86 |     pub tags: Option<String>,
   |         ^^^^
   |
   = note: `ListMemoriesQuery` has a derived impl for the trait `Debug`, but this is intentionally ignored during dead code analysis

warning: fields `embeddings`, `vectors`, and `config` are never read
  --> src\state.rs:12:9
   |
10 | pub struct AppState {
   |            -------- fields in this struct
11 |     pub db: PgPool,
12 |     pub embeddings: EmbeddingService,
   |         ^^^^^^^^^^
13 |     pub vectors: Option<VectorStore>,
   |         ^^^^^^^
14 |     pub config: Arc<Config>,
   |         ^^^^^^
   |
   = note: `AppState` has a derived impl for the trait `Clone`, but this is intentionally ignored during dead code analysis

warning: fields `client` and `dimension` are never read
  --> src\vector.rs:19:5
   |
18 | pub struct VectorStore {
   |            ----------- fields in this struct
19 |     client: Qdrant,
   |     ^^^^^^
20 |     dimension: u64,
   |     ^^^^^^^^^
   |
   = note: `VectorStore` has a derived impl for the trait `Clone`, but this is intentionally ignored during dead code analysis

warning: associated items `collection_name`, `ensure_collection`, `upsert`, `search`, `delete`, and `delete_collection` are never used
   --> src\vector.rs:34:8
    |
 23 | impl VectorStore {
    | ---------------- associated items in this implementation
...
 34 |     fn collection_name(tenant_id: &Uuid) -> String {
    |        ^^^^^^^^^^^^^^^
...
 40 |     pub async fn ensure_collection(&self, tenant_id: &Uuid) -> Result<()> {
    |                  ^^^^^^^^^^^^^^^^^
...
102 |     pub async fn upsert(
    |                  ^^^^^^
...
149 |     pub async fn search(
    |                  ^^^^^^
...
217 |     pub async fn delete(&self, tenant_id: &Uuid, memory_id: &Uuid) -> Result<()> {
    |                  ^^^^^^
...
235 |     pub async fn delete_collection(&self, tenant_id: &Uuid) -> Result<()> {
    |                  ^^^^^^^^^^^^^^^^^

warning: `amr-server` (bin "amr-server") generated 20 warnings
    Finished `dev` profile [unoptimized + debuginfo] target(s) in 0.59s
     Running `target\debug\amr-server.exe`
error: process didn't exit successfully: `target\debug\amr-server.exe` (exit code: 0xffffffff)
